<?xml version="1.0" encoding="UTF-8"?>
<!-- Generated by org.testng.reporters.JUnitXMLReporter -->
<testsuite ignored="1" hostname="IND-ShubhamSingh-Dell3410" failures="0" tests="5" name="Test" time="20.467" errors="0" timestamp="2025-02-10T16:54:11 IST">
  <testcase classname="FlipKart.FlipKart.FlipKartLogin" name="flipkartLoginTest" time="20.398"/>
  <testcase classname="FlipKart.FlipKart.FlipKartLogin" name="setup" time="0.001"/>
  <testcase classname="FlipKart.FlipKart.Delivery_Page" name="DeliveryScreen" time="0.005"/>
  <testcase classname="FlipKart.FlipKart.Search_Product" name="searchAndAddProduct" time="0.005"/>
  <testcase classname="FlipKart.FlipKart.Delivery_Page" name="DeliveryScreen" time="0.004"/>
  <testcase classname="FlipKart.FlipKart.Delivery_Page" name="@AfterTest teardown" time="0.0">
    <ignored/>
  </testcase> <!-- @AfterTest teardown -->
</testsuite> <!-- Test -->
